<?xml version="1.0" encoding="UTF-8"?>
<!-- Generated by org.testng.reporters.JUnitXMLReporter -->
<testsuite ignored="4" hostname="ashutosh" failures="1" tests="3" name="Test" time="76.45" errors="0" timestamp="2023-10-20T11:40:13 IST">
  <testcase classname="ContactsTests.CreateContact" name="createContact" time="11.978">
    <failure type="java.lang.AssertionError" message="null">
      <![CDATA[java.lang.AssertionError: null
at ContactsTests.CreateContact.createContact(CreateContact.java:43)
at java.base/java.util.ArrayList.forEach(ArrayList.java:1511)
... Removed 27 stack frames]]>
    </failure>
  </testcase> <!-- createContact -->
  <testcase classname="organizationsTest.CreateOrganization" name="createOrg" time="12.471"/>
  <testcase classname="ContactsTests.CreateContactsWithOrganizationTest" name="createContactWithOrgTest" time="23.914"/>
  <testcase classname="generalUtilities.BaseClass" name="@BeforeSuite bsConfig" time="0.0">
    <ignored/>
  </testcase> <!-- @BeforeSuite bsConfig -->
  <testcase classname="generalUtilities.BaseClass" name="@BeforeSuite bsConfig" time="0.0">
    <ignored/>
  </testcase> <!-- @BeforeSuite bsConfig -->
  <testcase classname="generalUtilities.BaseClass" name="@AfterSuite asconfig" time="0.0">
    <ignored/>
  </testcase> <!-- @AfterSuite asconfig -->
  <testcase classname="generalUtilities.BaseClass" name="@AfterSuite asconfig" time="0.0">
    <ignored/>
  </testcase> <!-- @AfterSuite asconfig -->
</testsuite> <!-- Test -->
