<?xml version="1.0" encoding="UTF-8"?>
<testng-results ignored="0" total="1" passed="1" failed="0" skipped="0">
  <reporter-output>
  </reporter-output>
  <suite started-at="2023-10-27T10:08:06 IST" name="Default suite" finished-at="2023-10-27T10:08:07 IST" duration-ms="157">
    <groups>
    </groups>
    <test started-at="2023-10-27T10:08:06 IST" name="Default test" finished-at="2023-10-27T10:08:07 IST" duration-ms="157">
      <class name="com.CRM.tiger.practice.ReadDataFromCommanLine">
        <test-method signature="Read()[pri:0, instance:com.CRM.tiger.practice.ReadDataFromCommanLine@411f53a0]" started-at="2023-10-27T10:08:07 IST" name="Read" finished-at="2023-10-27T10:08:07 IST" duration-ms="32" status="PASS">
          <reporter-output>
          </reporter-output>
        </test-method> <!-- Read -->
      </class> <!-- com.CRM.tiger.practice.ReadDataFromCommanLine -->
    </test> <!-- Default test -->
  </suite> <!-- Default suite -->
</testng-results>
